The target system is: Generic -  - arm
The host system is: Darwin - 24.3.0 - arm64
Compiling the C compiler identification source file "CMakeCCompilerId.c" succeeded.
Compiler: /opt/homebrew/bin/arm-none-eabi-gcc 
Build flags: ;-mcpu=cortex-m0plus;;-Wall;-Wextra;-Wpedantic;-fdata-sections;-ffunction-sections;-mcpu=cortex-m0plus;;-Wall;-Wextra;-Wpedantic;-fdata-sections;-ffunction-sections;-mcpu=cortex-m0plus;;-Wall;-Wextra;-Wpedantic;-fdata-sections;-ffunction-sections
Id flags: -c 

The output was:
0


Compilation of the C compiler identification source "CMakeCCompilerId.c" produced "CMakeCCompilerId.o"

The C compiler identification is GNU, found in "/Users/bradr/Uni/FYP/Hybrid25_ECU/Code/Central ECU/build/Debug/CMakeFiles/3.25.0/CompilerIdC/CMakeCCompilerId.o"

Compiling the CXX compiler identification source file "CMakeCXXCompilerId.cpp" succeeded.
Compiler: /opt/homebrew/bin/arm-none-eabi-g++ 
Build flags: ;-mcpu=cortex-m0plus;;-Wall;-Wextra;-Wpedantic;-fdata-sections;-ffunction-sections;-mcpu=cortex-m0plus;;-Wall;-Wextra;-Wpedantic;-fdata-sections;-ffunction-sections;-mcpu=cortex-m0plus;;-Wall;-Wextra;-Wpedantic;-fdata-sections;-ffunction-sections;-fno-rtti;-fno-exceptions;-fno-threadsafe-statics
Id flags: -c 

The output was:
0


Compilation of the CXX compiler identification source "CMakeCXXCompilerId.cpp" produced "CMakeCXXCompilerId.o"

The CXX compiler identification is GNU, found in "/Users/bradr/Uni/FYP/Hybrid25_ECU/Code/Central ECU/build/Debug/CMakeFiles/3.25.0/CompilerIdCXX/CMakeCXXCompilerId.o"

Detecting C compiler ABI info compiled with the following output:
Change Dir: /Users/bradr/Uni/FYP/Hybrid25_ECU/Code/Central ECU/build/Debug/CMakeFiles/CMakeScratch/TryCompile-ObzL9o

Run Build Command(s):/opt/ST/STM32CubeCLT_1.18.0/Ninja/bin/ninja cmTC_fea5e && [1/2] Building C object CMakeFiles/cmTC_fea5e.dir/CMakeCCompilerABI.c.obj
Using built-in specs.
COLLECT_GCC=/opt/homebrew/bin/arm-none-eabi-gcc
Target: arm-none-eabi
Configured with: /tmp/jenkins-GCC-10-pipeline-259_20210727_1627345004/src/gcc/configure --target=arm-none-eabi --prefix=/tmp/jenkins-GCC-10-pipeline-259_20210727_1627345004/install-native --libexecdir=/tmp/jenkins-GCC-10-pipeline-259_20210727_1627345004/install-native/lib --infodir=/tmp/jenkins-GCC-10-pipeline-259_20210727_1627345004/install-native/share/doc/gcc-arm-none-eabi/info --mandir=/tmp/jenkins-GCC-10-pipeline-259_20210727_1627345004/install-native/share/doc/gcc-arm-none-eabi/man --htmldir=/tmp/jenkins-GCC-10-pipeline-259_20210727_1627345004/install-native/share/doc/gcc-arm-none-eabi/html --pdfdir=/tmp/jenkins-GCC-10-pipeline-259_20210727_1627345004/install-native/share/doc/gcc-arm-none-eabi/pdf --enable-languages=c,c++ --enable-plugins --disable-decimal-float --disable-libffi --disable-libgomp --disable-libmudflap --disable-libquadmath --disable-libssp --disable-libstdcxx-pch --disable-nls --disable-shared --disable-threads --disable-tls --with-gnu-as --with-gnu-ld --with-newlib --with-headers=yes --with-python-dir=share/gcc-arm-none-eabi --with-sysroot=/tmp/jenkins-GCC-10-pipeline-259_20210727_1627345004/install-native/arm-none-eabi --build=x86_64-apple-darwin10 --host=x86_64-apple-darwin10 --with-gmp=/tmp/jenkins-GCC-10-pipeline-259_20210727_1627345004/build-native/host-libs/usr --with-mpfr=/tmp/jenkins-GCC-10-pipeline-259_20210727_1627345004/build-native/host-libs/usr --with-mpc=/tmp/jenkins-GCC-10-pipeline-259_20210727_1627345004/build-native/host-libs/usr --with-isl=/tmp/jenkins-GCC-10-pipeline-259_20210727_1627345004/build-native/host-libs/usr --with-libelf=/tmp/jenkins-GCC-10-pipeline-259_20210727_1627345004/build-native/host-libs/usr --with-host-libstdcxx='-static-libgcc -Wl,-lstdc++ -lm' --with-pkgversion='GNU Arm Embedded Toolchain 10.3-2021.07' --with-multilib-list=rmprofile,aprofile
Thread model: single
Supported LTO compression algorithms: zlib
gcc version 10.3.1 20210621 (release) (GNU Arm Embedded Toolchain 10.3-2021.07) 
COLLECT_GCC_OPTIONS='-mcpu=cortex-m0plus' '-Wall' '-Wextra' '-Wpedantic' '-fdata-sections' '-ffunction-sections' '-v' '-std=gnu11' '-o' 'CMakeFiles/cmTC_fea5e.dir/CMakeCCompilerABI.c.obj' '-c' '-mfloat-abi=soft' '-mthumb' '-mlibarch=armv6s-m' '-march=armv6s-m'
 /opt/homebrew/Cellar/arm-none-eabi-gcc/10.3-2021.07/gcc/bin/../lib/gcc/arm-none-eabi/10.3.1/cc1 -quiet -v -imultilib thumb/v6-m/nofp -iprefix /opt/homebrew/Cellar/arm-none-eabi-gcc/10.3-2021.07/gcc/bin/../lib/gcc/arm-none-eabi/10.3.1/ -isysroot /opt/homebrew/Cellar/arm-none-eabi-gcc/10.3-2021.07/gcc/bin/../arm-none-eabi -D__USES_INITFINI__ /opt/homebrew/Cellar/cmake/3.25.0/share/cmake/Modules/CMakeCCompilerABI.c -quiet -dumpbase CMakeCCompilerABI.c -mcpu=cortex-m0plus -mfloat-abi=soft -mthumb -mlibarch=armv6s-m -march=armv6s-m -auxbase-strip CMakeFiles/cmTC_fea5e.dir/CMakeCCompilerABI.c.obj -Wall -Wextra -Wpedantic -std=gnu11 -version -fdata-sections -ffunction-sections -o /var/folders/td/w7x293x961v_k4_bd8y4qvkm0000gn/T//ccufBgB3.s
GNU C11 (GNU Arm Embedded Toolchain 10.3-2021.07) version 10.3.1 20210621 (release) (arm-none-eabi)
	compiled by GNU C version 4.2.1 Compatible Apple LLVM 11.0.0 (clang-1100.0.33.17), GMP version 6.1.0, MPFR version 3.1.4, MPC version 1.0.3, isl version isl-0.18-GMP

GGC heuristics: --param ggc-min-expand=100 --param ggc-min-heapsize=131072
ignoring duplicate directory "/opt/homebrew/Cellar/arm-none-eabi-gcc/10.3-2021.07/gcc/bin/../lib/gcc/../../lib/gcc/arm-none-eabi/10.3.1/include"
ignoring nonexistent directory "/opt/homebrew/Cellar/arm-none-eabi-gcc/10.3-2021.07/gcc/bin/../arm-none-eabi/usr/local/include"
ignoring duplicate directory "/opt/homebrew/Cellar/arm-none-eabi-gcc/10.3-2021.07/gcc/bin/../lib/gcc/../../lib/gcc/arm-none-eabi/10.3.1/include-fixed"
ignoring duplicate directory "/opt/homebrew/Cellar/arm-none-eabi-gcc/10.3-2021.07/gcc/bin/../lib/gcc/../../lib/gcc/arm-none-eabi/10.3.1/../../../../arm-none-eabi/include"
ignoring nonexistent directory "/opt/homebrew/Cellar/arm-none-eabi-gcc/10.3-2021.07/gcc/bin/../arm-none-eabi/usr/include"
#include "..." search starts here:
#include <...> search starts here:
 /opt/homebrew/Cellar/arm-none-eabi-gcc/10.3-2021.07/gcc/bin/../lib/gcc/arm-none-eabi/10.3.1/include
 /opt/homebrew/Cellar/arm-none-eabi-gcc/10.3-2021.07/gcc/bin/../lib/gcc/arm-none-eabi/10.3.1/include-fixed
 /opt/homebrew/Cellar/arm-none-eabi-gcc/10.3-2021.07/gcc/bin/../lib/gcc/arm-none-eabi/10.3.1/../../../../arm-none-eabi/include
End of search list.
GNU C11 (GNU Arm Embedded Toolchain 10.3-2021.07) version 10.3.1 20210621 (release) (arm-none-eabi)
	compiled by GNU C version 4.2.1 Compatible Apple LLVM 11.0.0 (clang-1100.0.33.17), GMP version 6.1.0, MPFR version 3.1.4, MPC version 1.0.3, isl version isl-0.18-GMP

GGC heuristics: --param ggc-min-expand=100 --param ggc-min-heapsize=131072
Compiler executable checksum: d91dc699e451f0517ab8d6ba716870d2
COLLECT_GCC_OPTIONS='-mcpu=cortex-m0plus' '-Wall' '-Wextra' '-Wpedantic' '-fdata-sections' '-ffunction-sections' '-v' '-std=gnu11' '-o' 'CMakeFiles/cmTC_fea5e.dir/CMakeCCompilerABI.c.obj' '-c' '-mfloat-abi=soft' '-mthumb' '-mlibarch=armv6s-m' '-march=armv6s-m'
 /opt/homebrew/Cellar/arm-none-eabi-gcc/10.3-2021.07/gcc/bin/../lib/gcc/arm-none-eabi/10.3.1/../../../../arm-none-eabi/bin/as -v -march=armv6s-m -mfloat-abi=soft -meabi=5 -o CMakeFiles/cmTC_fea5e.dir/CMakeCCompilerABI.c.obj /var/folders/td/w7x293x961v_k4_bd8y4qvkm0000gn/T//ccufBgB3.s
GNU assembler version 2.36.1 (arm-none-eabi) using BFD version (GNU Arm Embedded Toolchain 10.3-2021.07) 2.36.1.20210621
COMPILER_PATH=/opt/homebrew/Cellar/arm-none-eabi-gcc/10.3-2021.07/gcc/bin/../lib/gcc/arm-none-eabi/10.3.1/:/opt/homebrew/Cellar/arm-none-eabi-gcc/10.3-2021.07/gcc/bin/../lib/gcc/:/opt/homebrew/Cellar/arm-none-eabi-gcc/10.3-2021.07/gcc/bin/../lib/gcc/arm-none-eabi/10.3.1/../../../../arm-none-eabi/bin/
LIBRARY_PATH=/opt/homebrew/Cellar/arm-none-eabi-gcc/10.3-2021.07/gcc/bin/../lib/gcc/arm-none-eabi/10.3.1/thumb/v6-m/nofp/:/opt/homebrew/Cellar/arm-none-eabi-gcc/10.3-2021.07/gcc/bin/../lib/gcc/arm-none-eabi/10.3.1/../../../../arm-none-eabi/lib/thumb/v6-m/nofp/:/opt/homebrew/Cellar/arm-none-eabi-gcc/10.3-2021.07/gcc/bin/../arm-none-eabi/lib/thumb/v6-m/nofp/:/opt/homebrew/Cellar/arm-none-eabi-gcc/10.3-2021.07/gcc/bin/../lib/gcc/arm-none-eabi/10.3.1/:/opt/homebrew/Cellar/arm-none-eabi-gcc/10.3-2021.07/gcc/bin/../lib/gcc/:/opt/homebrew/Cellar/arm-none-eabi-gcc/10.3-2021.07/gcc/bin/../lib/gcc/arm-none-eabi/10.3.1/../../../../arm-none-eabi/lib/:/opt/homebrew/Cellar/arm-none-eabi-gcc/10.3-2021.07/gcc/bin/../arm-none-eabi/lib/
COLLECT_GCC_OPTIONS='-mcpu=cortex-m0plus' '-Wall' '-Wextra' '-Wpedantic' '-fdata-sections' '-ffunction-sections' '-v' '-std=gnu11' '-o' 'CMakeFiles/cmTC_fea5e.dir/CMakeCCompilerABI.c.obj' '-c' '-mfloat-abi=soft' '-mthumb' '-mlibarch=armv6s-m' '-march=armv6s-m'
[2/2] Linking C static library libcmTC_fea5e.a



Parsed C implicit include dir info from above output: rv=done
  found start of include info
  found start of implicit include info
    add: [/opt/homebrew/Cellar/arm-none-eabi-gcc/10.3-2021.07/gcc/bin/../lib/gcc/arm-none-eabi/10.3.1/include]
    add: [/opt/homebrew/Cellar/arm-none-eabi-gcc/10.3-2021.07/gcc/bin/../lib/gcc/arm-none-eabi/10.3.1/include-fixed]
    add: [/opt/homebrew/Cellar/arm-none-eabi-gcc/10.3-2021.07/gcc/bin/../lib/gcc/arm-none-eabi/10.3.1/../../../../arm-none-eabi/include]
  end of search list found
  collapse include dir [/opt/homebrew/Cellar/arm-none-eabi-gcc/10.3-2021.07/gcc/bin/../lib/gcc/arm-none-eabi/10.3.1/include] ==> [/opt/homebrew/Cellar/arm-none-eabi-gcc/10.3-2021.07/gcc/lib/gcc/arm-none-eabi/10.3.1/include]
  collapse include dir [/opt/homebrew/Cellar/arm-none-eabi-gcc/10.3-2021.07/gcc/bin/../lib/gcc/arm-none-eabi/10.3.1/include-fixed] ==> [/opt/homebrew/Cellar/arm-none-eabi-gcc/10.3-2021.07/gcc/lib/gcc/arm-none-eabi/10.3.1/include-fixed]
  collapse include dir [/opt/homebrew/Cellar/arm-none-eabi-gcc/10.3-2021.07/gcc/bin/../lib/gcc/arm-none-eabi/10.3.1/../../../../arm-none-eabi/include] ==> [/opt/homebrew/Cellar/arm-none-eabi-gcc/10.3-2021.07/gcc/arm-none-eabi/include]
  implicit include dirs: [/opt/homebrew/Cellar/arm-none-eabi-gcc/10.3-2021.07/gcc/lib/gcc/arm-none-eabi/10.3.1/include;/opt/homebrew/Cellar/arm-none-eabi-gcc/10.3-2021.07/gcc/lib/gcc/arm-none-eabi/10.3.1/include-fixed;/opt/homebrew/Cellar/arm-none-eabi-gcc/10.3-2021.07/gcc/arm-none-eabi/include]


Parsed C implicit link information from above output:
  link line regex: [^( *|.*[/\])(arm-none-eabi-g\+\+|CMAKE_LINK_STARTFILE-NOTFOUND|([^/\]+-)?ld|collect2)[^/\]*( |$)]
  ignore line: [Change Dir: /Users/bradr/Uni/FYP/Hybrid25_ECU/Code/Central ECU/build/Debug/CMakeFiles/CMakeScratch/TryCompile-ObzL9o]
  ignore line: []
  ignore line: [Run Build Command(s):/opt/ST/STM32CubeCLT_1.18.0/Ninja/bin/ninja cmTC_fea5e && [1/2] Building C object CMakeFiles/cmTC_fea5e.dir/CMakeCCompilerABI.c.obj]
  ignore line: [Using built-in specs.]
  ignore line: [COLLECT_GCC=/opt/homebrew/bin/arm-none-eabi-gcc]
  ignore line: [Target: arm-none-eabi]
  ignore line: [Configured with: /tmp/jenkins-GCC-10-pipeline-259_20210727_1627345004/src/gcc/configure --target=arm-none-eabi --prefix=/tmp/jenkins-GCC-10-pipeline-259_20210727_1627345004/install-native --libexecdir=/tmp/jenkins-GCC-10-pipeline-259_20210727_1627345004/install-native/lib --infodir=/tmp/jenkins-GCC-10-pipeline-259_20210727_1627345004/install-native/share/doc/gcc-arm-none-eabi/info --mandir=/tmp/jenkins-GCC-10-pipeline-259_20210727_1627345004/install-native/share/doc/gcc-arm-none-eabi/man --htmldir=/tmp/jenkins-GCC-10-pipeline-259_20210727_1627345004/install-native/share/doc/gcc-arm-none-eabi/html --pdfdir=/tmp/jenkins-GCC-10-pipeline-259_20210727_1627345004/install-native/share/doc/gcc-arm-none-eabi/pdf --enable-languages=c,c++ --enable-plugins --disable-decimal-float --disable-libffi --disable-libgomp --disable-libmudflap --disable-libquadmath --disable-libssp --disable-libstdcxx-pch --disable-nls --disable-shared --disable-threads --disable-tls --with-gnu-as --with-gnu-ld --with-newlib --with-headers=yes --with-python-dir=share/gcc-arm-none-eabi --with-sysroot=/tmp/jenkins-GCC-10-pipeline-259_20210727_1627345004/install-native/arm-none-eabi --build=x86_64-apple-darwin10 --host=x86_64-apple-darwin10 --with-gmp=/tmp/jenkins-GCC-10-pipeline-259_20210727_1627345004/build-native/host-libs/usr --with-mpfr=/tmp/jenkins-GCC-10-pipeline-259_20210727_1627345004/build-native/host-libs/usr --with-mpc=/tmp/jenkins-GCC-10-pipeline-259_20210727_1627345004/build-native/host-libs/usr --with-isl=/tmp/jenkins-GCC-10-pipeline-259_20210727_1627345004/build-native/host-libs/usr --with-libelf=/tmp/jenkins-GCC-10-pipeline-259_20210727_1627345004/build-native/host-libs/usr --with-host-libstdcxx='-static-libgcc -Wl,-lstdc++ -lm' --with-pkgversion='GNU Arm Embedded Toolchain 10.3-2021.07' --with-multilib-list=rmprofile,aprofile]
  ignore line: [Thread model: single]
  ignore line: [Supported LTO compression algorithms: zlib]
  ignore line: [gcc version 10.3.1 20210621 (release) (GNU Arm Embedded Toolchain 10.3-2021.07) ]
  ignore line: [COLLECT_GCC_OPTIONS='-mcpu=cortex-m0plus' '-Wall' '-Wextra' '-Wpedantic' '-fdata-sections' '-ffunction-sections' '-v' '-std=gnu11' '-o' 'CMakeFiles/cmTC_fea5e.dir/CMakeCCompilerABI.c.obj' '-c' '-mfloat-abi=soft' '-mthumb' '-mlibarch=armv6s-m' '-march=armv6s-m']
  ignore line: [ /opt/homebrew/Cellar/arm-none-eabi-gcc/10.3-2021.07/gcc/bin/../lib/gcc/arm-none-eabi/10.3.1/cc1 -quiet -v -imultilib thumb/v6-m/nofp -iprefix /opt/homebrew/Cellar/arm-none-eabi-gcc/10.3-2021.07/gcc/bin/../lib/gcc/arm-none-eabi/10.3.1/ -isysroot /opt/homebrew/Cellar/arm-none-eabi-gcc/10.3-2021.07/gcc/bin/../arm-none-eabi -D__USES_INITFINI__ /opt/homebrew/Cellar/cmake/3.25.0/share/cmake/Modules/CMakeCCompilerABI.c -quiet -dumpbase CMakeCCompilerABI.c -mcpu=cortex-m0plus -mfloat-abi=soft -mthumb -mlibarch=armv6s-m -march=armv6s-m -auxbase-strip CMakeFiles/cmTC_fea5e.dir/CMakeCCompilerABI.c.obj -Wall -Wextra -Wpedantic -std=gnu11 -version -fdata-sections -ffunction-sections -o /var/folders/td/w7x293x961v_k4_bd8y4qvkm0000gn/T//ccufBgB3.s]
  ignore line: [GNU C11 (GNU Arm Embedded Toolchain 10.3-2021.07) version 10.3.1 20210621 (release) (arm-none-eabi)]
  ignore line: [	compiled by GNU C version 4.2.1 Compatible Apple LLVM 11.0.0 (clang-1100.0.33.17)  GMP version 6.1.0  MPFR version 3.1.4  MPC version 1.0.3  isl version isl-0.18-GMP]
  ignore line: []
  ignore line: [GGC heuristics: --param ggc-min-expand=100 --param ggc-min-heapsize=131072]
  ignore line: [ignoring duplicate directory "/opt/homebrew/Cellar/arm-none-eabi-gcc/10.3-2021.07/gcc/bin/../lib/gcc/../../lib/gcc/arm-none-eabi/10.3.1/include"]
  ignore line: [ignoring nonexistent directory "/opt/homebrew/Cellar/arm-none-eabi-gcc/10.3-2021.07/gcc/bin/../arm-none-eabi/usr/local/include"]
  ignore line: [ignoring duplicate directory "/opt/homebrew/Cellar/arm-none-eabi-gcc/10.3-2021.07/gcc/bin/../lib/gcc/../../lib/gcc/arm-none-eabi/10.3.1/include-fixed"]
  ignore line: [ignoring duplicate directory "/opt/homebrew/Cellar/arm-none-eabi-gcc/10.3-2021.07/gcc/bin/../lib/gcc/../../lib/gcc/arm-none-eabi/10.3.1/../../../../arm-none-eabi/include"]
  ignore line: [ignoring nonexistent directory "/opt/homebrew/Cellar/arm-none-eabi-gcc/10.3-2021.07/gcc/bin/../arm-none-eabi/usr/include"]
  ignore line: [#include "..." search starts here:]
  ignore line: [#include <...> search starts here:]
  ignore line: [ /opt/homebrew/Cellar/arm-none-eabi-gcc/10.3-2021.07/gcc/bin/../lib/gcc/arm-none-eabi/10.3.1/include]
  ignore line: [ /opt/homebrew/Cellar/arm-none-eabi-gcc/10.3-2021.07/gcc/bin/../lib/gcc/arm-none-eabi/10.3.1/include-fixed]
  ignore line: [ /opt/homebrew/Cellar/arm-none-eabi-gcc/10.3-2021.07/gcc/bin/../lib/gcc/arm-none-eabi/10.3.1/../../../../arm-none-eabi/include]
  ignore line: [End of search list.]
  ignore line: [GNU C11 (GNU Arm Embedded Toolchain 10.3-2021.07) version 10.3.1 20210621 (release) (arm-none-eabi)]
  ignore line: [	compiled by GNU C version 4.2.1 Compatible Apple LLVM 11.0.0 (clang-1100.0.33.17)  GMP version 6.1.0  MPFR version 3.1.4  MPC version 1.0.3  isl version isl-0.18-GMP]
  ignore line: []
  ignore line: [GGC heuristics: --param ggc-min-expand=100 --param ggc-min-heapsize=131072]
  ignore line: [Compiler executable checksum: d91dc699e451f0517ab8d6ba716870d2]
  ignore line: [COLLECT_GCC_OPTIONS='-mcpu=cortex-m0plus' '-Wall' '-Wextra' '-Wpedantic' '-fdata-sections' '-ffunction-sections' '-v' '-std=gnu11' '-o' 'CMakeFiles/cmTC_fea5e.dir/CMakeCCompilerABI.c.obj' '-c' '-mfloat-abi=soft' '-mthumb' '-mlibarch=armv6s-m' '-march=armv6s-m']
  ignore line: [ /opt/homebrew/Cellar/arm-none-eabi-gcc/10.3-2021.07/gcc/bin/../lib/gcc/arm-none-eabi/10.3.1/../../../../arm-none-eabi/bin/as -v -march=armv6s-m -mfloat-abi=soft -meabi=5 -o CMakeFiles/cmTC_fea5e.dir/CMakeCCompilerABI.c.obj /var/folders/td/w7x293x961v_k4_bd8y4qvkm0000gn/T//ccufBgB3.s]
  ignore line: [GNU assembler version 2.36.1 (arm-none-eabi) using BFD version (GNU Arm Embedded Toolchain 10.3-2021.07) 2.36.1.20210621]
  ignore line: [COMPILER_PATH=/opt/homebrew/Cellar/arm-none-eabi-gcc/10.3-2021.07/gcc/bin/../lib/gcc/arm-none-eabi/10.3.1/:/opt/homebrew/Cellar/arm-none-eabi-gcc/10.3-2021.07/gcc/bin/../lib/gcc/:/opt/homebrew/Cellar/arm-none-eabi-gcc/10.3-2021.07/gcc/bin/../lib/gcc/arm-none-eabi/10.3.1/../../../../arm-none-eabi/bin/]
  ignore line: [LIBRARY_PATH=/opt/homebrew/Cellar/arm-none-eabi-gcc/10.3-2021.07/gcc/bin/../lib/gcc/arm-none-eabi/10.3.1/thumb/v6-m/nofp/:/opt/homebrew/Cellar/arm-none-eabi-gcc/10.3-2021.07/gcc/bin/../lib/gcc/arm-none-eabi/10.3.1/../../../../arm-none-eabi/lib/thumb/v6-m/nofp/:/opt/homebrew/Cellar/arm-none-eabi-gcc/10.3-2021.07/gcc/bin/../arm-none-eabi/lib/thumb/v6-m/nofp/:/opt/homebrew/Cellar/arm-none-eabi-gcc/10.3-2021.07/gcc/bin/../lib/gcc/arm-none-eabi/10.3.1/:/opt/homebrew/Cellar/arm-none-eabi-gcc/10.3-2021.07/gcc/bin/../lib/gcc/:/opt/homebrew/Cellar/arm-none-eabi-gcc/10.3-2021.07/gcc/bin/../lib/gcc/arm-none-eabi/10.3.1/../../../../arm-none-eabi/lib/:/opt/homebrew/Cellar/arm-none-eabi-gcc/10.3-2021.07/gcc/bin/../arm-none-eabi/lib/]
  ignore line: [COLLECT_GCC_OPTIONS='-mcpu=cortex-m0plus' '-Wall' '-Wextra' '-Wpedantic' '-fdata-sections' '-ffunction-sections' '-v' '-std=gnu11' '-o' 'CMakeFiles/cmTC_fea5e.dir/CMakeCCompilerABI.c.obj' '-c' '-mfloat-abi=soft' '-mthumb' '-mlibarch=armv6s-m' '-march=armv6s-m']
  ignore line: [[2/2] Linking C static library libcmTC_fea5e.a]
  ignore line: []
  ignore line: []
  implicit libs: []
  implicit objs: []
  implicit dirs: []
  implicit fwks: []


Detecting CXX compiler ABI info compiled with the following output:
Change Dir: /Users/bradr/Uni/FYP/Hybrid25_ECU/Code/Central ECU/build/Debug/CMakeFiles/CMakeScratch/TryCompile-WbxYbO

Run Build Command(s):/opt/ST/STM32CubeCLT_1.18.0/Ninja/bin/ninja cmTC_62d1c && [1/2] Building CXX object CMakeFiles/cmTC_62d1c.dir/CMakeCXXCompilerABI.cpp.obj
Using built-in specs.
COLLECT_GCC=/opt/homebrew/bin/arm-none-eabi-g++
Target: arm-none-eabi
Configured with: /tmp/jenkins-GCC-10-pipeline-259_20210727_1627345004/src/gcc/configure --target=arm-none-eabi --prefix=/tmp/jenkins-GCC-10-pipeline-259_20210727_1627345004/install-native --libexecdir=/tmp/jenkins-GCC-10-pipeline-259_20210727_1627345004/install-native/lib --infodir=/tmp/jenkins-GCC-10-pipeline-259_20210727_1627345004/install-native/share/doc/gcc-arm-none-eabi/info --mandir=/tmp/jenkins-GCC-10-pipeline-259_20210727_1627345004/install-native/share/doc/gcc-arm-none-eabi/man --htmldir=/tmp/jenkins-GCC-10-pipeline-259_20210727_1627345004/install-native/share/doc/gcc-arm-none-eabi/html --pdfdir=/tmp/jenkins-GCC-10-pipeline-259_20210727_1627345004/install-native/share/doc/gcc-arm-none-eabi/pdf --enable-languages=c,c++ --enable-plugins --disable-decimal-float --disable-libffi --disable-libgomp --disable-libmudflap --disable-libquadmath --disable-libssp --disable-libstdcxx-pch --disable-nls --disable-shared --disable-threads --disable-tls --with-gnu-as --with-gnu-ld --with-newlib --with-headers=yes --with-python-dir=share/gcc-arm-none-eabi --with-sysroot=/tmp/jenkins-GCC-10-pipeline-259_20210727_1627345004/install-native/arm-none-eabi --build=x86_64-apple-darwin10 --host=x86_64-apple-darwin10 --with-gmp=/tmp/jenkins-GCC-10-pipeline-259_20210727_1627345004/build-native/host-libs/usr --with-mpfr=/tmp/jenkins-GCC-10-pipeline-259_20210727_1627345004/build-native/host-libs/usr --with-mpc=/tmp/jenkins-GCC-10-pipeline-259_20210727_1627345004/build-native/host-libs/usr --with-isl=/tmp/jenkins-GCC-10-pipeline-259_20210727_1627345004/build-native/host-libs/usr --with-libelf=/tmp/jenkins-GCC-10-pipeline-259_20210727_1627345004/build-native/host-libs/usr --with-host-libstdcxx='-static-libgcc -Wl,-lstdc++ -lm' --with-pkgversion='GNU Arm Embedded Toolchain 10.3-2021.07' --with-multilib-list=rmprofile,aprofile
Thread model: single
Supported LTO compression algorithms: zlib
gcc version 10.3.1 20210621 (release) (GNU Arm Embedded Toolchain 10.3-2021.07) 
COLLECT_GCC_OPTIONS='-mcpu=cortex-m0plus' '-Wall' '-Wextra' '-Wpedantic' '-fdata-sections' '-ffunction-sections' '-fno-rtti' '-fno-exceptions' '-fno-threadsafe-statics' '-v' '-o' 'CMakeFiles/cmTC_62d1c.dir/CMakeCXXCompilerABI.cpp.obj' '-c' '-mfloat-abi=soft' '-mthumb' '-mlibarch=armv6s-m' '-march=armv6s-m'
 /opt/homebrew/Cellar/arm-none-eabi-gcc/10.3-2021.07/gcc/bin/../lib/gcc/arm-none-eabi/10.3.1/cc1plus -quiet -v -imultilib thumb/v6-m/nofp -iprefix /opt/homebrew/Cellar/arm-none-eabi-gcc/10.3-2021.07/gcc/bin/../lib/gcc/arm-none-eabi/10.3.1/ -isysroot /opt/homebrew/Cellar/arm-none-eabi-gcc/10.3-2021.07/gcc/bin/../arm-none-eabi -D__USES_INITFINI__ /opt/homebrew/Cellar/cmake/3.25.0/share/cmake/Modules/CMakeCXXCompilerABI.cpp -quiet -dumpbase CMakeCXXCompilerABI.cpp -mcpu=cortex-m0plus -mfloat-abi=soft -mthumb -mlibarch=armv6s-m -march=armv6s-m -auxbase-strip CMakeFiles/cmTC_62d1c.dir/CMakeCXXCompilerABI.cpp.obj -Wall -Wextra -Wpedantic -version -fdata-sections -ffunction-sections -fno-rtti -fno-exceptions -fno-threadsafe-statics -o /var/folders/td/w7x293x961v_k4_bd8y4qvkm0000gn/T//ccJmIRZe.s
GNU C++14 (GNU Arm Embedded Toolchain 10.3-2021.07) version 10.3.1 20210621 (release) (arm-none-eabi)
	compiled by GNU C version 4.2.1 Compatible Apple LLVM 11.0.0 (clang-1100.0.33.17), GMP version 6.1.0, MPFR version 3.1.4, MPC version 1.0.3, isl version isl-0.18-GMP

GGC heuristics: --param ggc-min-expand=100 --param ggc-min-heapsize=131072
ignoring duplicate directory "/opt/homebrew/Cellar/arm-none-eabi-gcc/10.3-2021.07/gcc/bin/../lib/gcc/../../lib/gcc/arm-none-eabi/10.3.1/../../../../arm-none-eabi/include/c++/10.3.1"
ignoring duplicate directory "/opt/homebrew/Cellar/arm-none-eabi-gcc/10.3-2021.07/gcc/bin/../lib/gcc/../../lib/gcc/arm-none-eabi/10.3.1/../../../../arm-none-eabi/include/c++/10.3.1/arm-none-eabi/thumb/v6-m/nofp"
ignoring duplicate directory "/opt/homebrew/Cellar/arm-none-eabi-gcc/10.3-2021.07/gcc/bin/../lib/gcc/../../lib/gcc/arm-none-eabi/10.3.1/../../../../arm-none-eabi/include/c++/10.3.1/backward"
ignoring duplicate directory "/opt/homebrew/Cellar/arm-none-eabi-gcc/10.3-2021.07/gcc/bin/../lib/gcc/../../lib/gcc/arm-none-eabi/10.3.1/include"
ignoring nonexistent directory "/opt/homebrew/Cellar/arm-none-eabi-gcc/10.3-2021.07/gcc/bin/../arm-none-eabi/usr/local/include"
ignoring duplicate directory "/opt/homebrew/Cellar/arm-none-eabi-gcc/10.3-2021.07/gcc/bin/../lib/gcc/../../lib/gcc/arm-none-eabi/10.3.1/include-fixed"
ignoring duplicate directory "/opt/homebrew/Cellar/arm-none-eabi-gcc/10.3-2021.07/gcc/bin/../lib/gcc/../../lib/gcc/arm-none-eabi/10.3.1/../../../../arm-none-eabi/include"
ignoring nonexistent directory "/opt/homebrew/Cellar/arm-none-eabi-gcc/10.3-2021.07/gcc/bin/../arm-none-eabi/usr/include"
#include "..." search starts here:
#include <...> search starts here:
 /opt/homebrew/Cellar/arm-none-eabi-gcc/10.3-2021.07/gcc/bin/../lib/gcc/arm-none-eabi/10.3.1/../../../../arm-none-eabi/include/c++/10.3.1
 /opt/homebrew/Cellar/arm-none-eabi-gcc/10.3-2021.07/gcc/bin/../lib/gcc/arm-none-eabi/10.3.1/../../../../arm-none-eabi/include/c++/10.3.1/arm-none-eabi/thumb/v6-m/nofp
 /opt/homebrew/Cellar/arm-none-eabi-gcc/10.3-2021.07/gcc/bin/../lib/gcc/arm-none-eabi/10.3.1/../../../../arm-none-eabi/include/c++/10.3.1/backward
 /opt/homebrew/Cellar/arm-none-eabi-gcc/10.3-2021.07/gcc/bin/../lib/gcc/arm-none-eabi/10.3.1/include
 /opt/homebrew/Cellar/arm-none-eabi-gcc/10.3-2021.07/gcc/bin/../lib/gcc/arm-none-eabi/10.3.1/include-fixed
 /opt/homebrew/Cellar/arm-none-eabi-gcc/10.3-2021.07/gcc/bin/../lib/gcc/arm-none-eabi/10.3.1/../../../../arm-none-eabi/include
End of search list.
GNU C++14 (GNU Arm Embedded Toolchain 10.3-2021.07) version 10.3.1 20210621 (release) (arm-none-eabi)
	compiled by GNU C version 4.2.1 Compatible Apple LLVM 11.0.0 (clang-1100.0.33.17), GMP version 6.1.0, MPFR version 3.1.4, MPC version 1.0.3, isl version isl-0.18-GMP

GGC heuristics: --param ggc-min-expand=100 --param ggc-min-heapsize=131072
Compiler executable checksum: 70db48a4a4272d34069aa074d5721a63
COLLECT_GCC_OPTIONS='-mcpu=cortex-m0plus' '-Wall' '-Wextra' '-Wpedantic' '-fdata-sections' '-ffunction-sections' '-fno-rtti' '-fno-exceptions' '-fno-threadsafe-statics' '-v' '-o' 'CMakeFiles/cmTC_62d1c.dir/CMakeCXXCompilerABI.cpp.obj' '-c' '-mfloat-abi=soft' '-mthumb' '-mlibarch=armv6s-m' '-march=armv6s-m'
 /opt/homebrew/Cellar/arm-none-eabi-gcc/10.3-2021.07/gcc/bin/../lib/gcc/arm-none-eabi/10.3.1/../../../../arm-none-eabi/bin/as -v -march=armv6s-m -mfloat-abi=soft -meabi=5 -o CMakeFiles/cmTC_62d1c.dir/CMakeCXXCompilerABI.cpp.obj /var/folders/td/w7x293x961v_k4_bd8y4qvkm0000gn/T//ccJmIRZe.s
GNU assembler version 2.36.1 (arm-none-eabi) using BFD version (GNU Arm Embedded Toolchain 10.3-2021.07) 2.36.1.20210621
COMPILER_PATH=/opt/homebrew/Cellar/arm-none-eabi-gcc/10.3-2021.07/gcc/bin/../lib/gcc/arm-none-eabi/10.3.1/:/opt/homebrew/Cellar/arm-none-eabi-gcc/10.3-2021.07/gcc/bin/../lib/gcc/:/opt/homebrew/Cellar/arm-none-eabi-gcc/10.3-2021.07/gcc/bin/../lib/gcc/arm-none-eabi/10.3.1/../../../../arm-none-eabi/bin/
LIBRARY_PATH=/opt/homebrew/Cellar/arm-none-eabi-gcc/10.3-2021.07/gcc/bin/../lib/gcc/arm-none-eabi/10.3.1/thumb/v6-m/nofp/:/opt/homebrew/Cellar/arm-none-eabi-gcc/10.3-2021.07/gcc/bin/../lib/gcc/arm-none-eabi/10.3.1/../../../../arm-none-eabi/lib/thumb/v6-m/nofp/:/opt/homebrew/Cellar/arm-none-eabi-gcc/10.3-2021.07/gcc/bin/../arm-none-eabi/lib/thumb/v6-m/nofp/:/opt/homebrew/Cellar/arm-none-eabi-gcc/10.3-2021.07/gcc/bin/../lib/gcc/arm-none-eabi/10.3.1/:/opt/homebrew/Cellar/arm-none-eabi-gcc/10.3-2021.07/gcc/bin/../lib/gcc/:/opt/homebrew/Cellar/arm-none-eabi-gcc/10.3-2021.07/gcc/bin/../lib/gcc/arm-none-eabi/10.3.1/../../../../arm-none-eabi/lib/:/opt/homebrew/Cellar/arm-none-eabi-gcc/10.3-2021.07/gcc/bin/../arm-none-eabi/lib/
COLLECT_GCC_OPTIONS='-mcpu=cortex-m0plus' '-Wall' '-Wextra' '-Wpedantic' '-fdata-sections' '-ffunction-sections' '-fno-rtti' '-fno-exceptions' '-fno-threadsafe-statics' '-v' '-o' 'CMakeFiles/cmTC_62d1c.dir/CMakeCXXCompilerABI.cpp.obj' '-c' '-mfloat-abi=soft' '-mthumb' '-mlibarch=armv6s-m' '-march=armv6s-m'
[2/2] Linking CXX static library libcmTC_62d1c.a



Parsed CXX implicit include dir info from above output: rv=done
  found start of include info
  found start of implicit include info
    add: [/opt/homebrew/Cellar/arm-none-eabi-gcc/10.3-2021.07/gcc/bin/../lib/gcc/arm-none-eabi/10.3.1/../../../../arm-none-eabi/include/c++/10.3.1]
    add: [/opt/homebrew/Cellar/arm-none-eabi-gcc/10.3-2021.07/gcc/bin/../lib/gcc/arm-none-eabi/10.3.1/../../../../arm-none-eabi/include/c++/10.3.1/arm-none-eabi/thumb/v6-m/nofp]
    add: [/opt/homebrew/Cellar/arm-none-eabi-gcc/10.3-2021.07/gcc/bin/../lib/gcc/arm-none-eabi/10.3.1/../../../../arm-none-eabi/include/c++/10.3.1/backward]
    add: [/opt/homebrew/Cellar/arm-none-eabi-gcc/10.3-2021.07/gcc/bin/../lib/gcc/arm-none-eabi/10.3.1/include]
    add: [/opt/homebrew/Cellar/arm-none-eabi-gcc/10.3-2021.07/gcc/bin/../lib/gcc/arm-none-eabi/10.3.1/include-fixed]
    add: [/opt/homebrew/Cellar/arm-none-eabi-gcc/10.3-2021.07/gcc/bin/../lib/gcc/arm-none-eabi/10.3.1/../../../../arm-none-eabi/include]
  end of search list found
  collapse include dir [/opt/homebrew/Cellar/arm-none-eabi-gcc/10.3-2021.07/gcc/bin/../lib/gcc/arm-none-eabi/10.3.1/../../../../arm-none-eabi/include/c++/10.3.1] ==> [/opt/homebrew/Cellar/arm-none-eabi-gcc/10.3-2021.07/gcc/arm-none-eabi/include/c++/10.3.1]
  collapse include dir [/opt/homebrew/Cellar/arm-none-eabi-gcc/10.3-2021.07/gcc/bin/../lib/gcc/arm-none-eabi/10.3.1/../../../../arm-none-eabi/include/c++/10.3.1/arm-none-eabi/thumb/v6-m/nofp] ==> [/opt/homebrew/Cellar/arm-none-eabi-gcc/10.3-2021.07/gcc/arm-none-eabi/include/c++/10.3.1/arm-none-eabi/thumb/v6-m/nofp]
  collapse include dir [/opt/homebrew/Cellar/arm-none-eabi-gcc/10.3-2021.07/gcc/bin/../lib/gcc/arm-none-eabi/10.3.1/../../../../arm-none-eabi/include/c++/10.3.1/backward] ==> [/opt/homebrew/Cellar/arm-none-eabi-gcc/10.3-2021.07/gcc/arm-none-eabi/include/c++/10.3.1/backward]
  collapse include dir [/opt/homebrew/Cellar/arm-none-eabi-gcc/10.3-2021.07/gcc/bin/../lib/gcc/arm-none-eabi/10.3.1/include] ==> [/opt/homebrew/Cellar/arm-none-eabi-gcc/10.3-2021.07/gcc/lib/gcc/arm-none-eabi/10.3.1/include]
  collapse include dir [/opt/homebrew/Cellar/arm-none-eabi-gcc/10.3-2021.07/gcc/bin/../lib/gcc/arm-none-eabi/10.3.1/include-fixed] ==> [/opt/homebrew/Cellar/arm-none-eabi-gcc/10.3-2021.07/gcc/lib/gcc/arm-none-eabi/10.3.1/include-fixed]
  collapse include dir [/opt/homebrew/Cellar/arm-none-eabi-gcc/10.3-2021.07/gcc/bin/../lib/gcc/arm-none-eabi/10.3.1/../../../../arm-none-eabi/include] ==> [/opt/homebrew/Cellar/arm-none-eabi-gcc/10.3-2021.07/gcc/arm-none-eabi/include]
  implicit include dirs: [/opt/homebrew/Cellar/arm-none-eabi-gcc/10.3-2021.07/gcc/arm-none-eabi/include/c++/10.3.1;/opt/homebrew/Cellar/arm-none-eabi-gcc/10.3-2021.07/gcc/arm-none-eabi/include/c++/10.3.1/arm-none-eabi/thumb/v6-m/nofp;/opt/homebrew/Cellar/arm-none-eabi-gcc/10.3-2021.07/gcc/arm-none-eabi/include/c++/10.3.1/backward;/opt/homebrew/Cellar/arm-none-eabi-gcc/10.3-2021.07/gcc/lib/gcc/arm-none-eabi/10.3.1/include;/opt/homebrew/Cellar/arm-none-eabi-gcc/10.3-2021.07/gcc/lib/gcc/arm-none-eabi/10.3.1/include-fixed;/opt/homebrew/Cellar/arm-none-eabi-gcc/10.3-2021.07/gcc/arm-none-eabi/include]


Parsed CXX implicit link information from above output:
  link line regex: [^( *|.*[/\])(arm-none-eabi-g\+\+|CMAKE_LINK_STARTFILE-NOTFOUND|([^/\]+-)?ld|collect2)[^/\]*( |$)]
  ignore line: [Change Dir: /Users/bradr/Uni/FYP/Hybrid25_ECU/Code/Central ECU/build/Debug/CMakeFiles/CMakeScratch/TryCompile-WbxYbO]
  ignore line: []
  ignore line: [Run Build Command(s):/opt/ST/STM32CubeCLT_1.18.0/Ninja/bin/ninja cmTC_62d1c && [1/2] Building CXX object CMakeFiles/cmTC_62d1c.dir/CMakeCXXCompilerABI.cpp.obj]
  ignore line: [Using built-in specs.]
  ignore line: [COLLECT_GCC=/opt/homebrew/bin/arm-none-eabi-g++]
  ignore line: [Target: arm-none-eabi]
  ignore line: [Configured with: /tmp/jenkins-GCC-10-pipeline-259_20210727_1627345004/src/gcc/configure --target=arm-none-eabi --prefix=/tmp/jenkins-GCC-10-pipeline-259_20210727_1627345004/install-native --libexecdir=/tmp/jenkins-GCC-10-pipeline-259_20210727_1627345004/install-native/lib --infodir=/tmp/jenkins-GCC-10-pipeline-259_20210727_1627345004/install-native/share/doc/gcc-arm-none-eabi/info --mandir=/tmp/jenkins-GCC-10-pipeline-259_20210727_1627345004/install-native/share/doc/gcc-arm-none-eabi/man --htmldir=/tmp/jenkins-GCC-10-pipeline-259_20210727_1627345004/install-native/share/doc/gcc-arm-none-eabi/html --pdfdir=/tmp/jenkins-GCC-10-pipeline-259_20210727_1627345004/install-native/share/doc/gcc-arm-none-eabi/pdf --enable-languages=c,c++ --enable-plugins --disable-decimal-float --disable-libffi --disable-libgomp --disable-libmudflap --disable-libquadmath --disable-libssp --disable-libstdcxx-pch --disable-nls --disable-shared --disable-threads --disable-tls --with-gnu-as --with-gnu-ld --with-newlib --with-headers=yes --with-python-dir=share/gcc-arm-none-eabi --with-sysroot=/tmp/jenkins-GCC-10-pipeline-259_20210727_1627345004/install-native/arm-none-eabi --build=x86_64-apple-darwin10 --host=x86_64-apple-darwin10 --with-gmp=/tmp/jenkins-GCC-10-pipeline-259_20210727_1627345004/build-native/host-libs/usr --with-mpfr=/tmp/jenkins-GCC-10-pipeline-259_20210727_1627345004/build-native/host-libs/usr --with-mpc=/tmp/jenkins-GCC-10-pipeline-259_20210727_1627345004/build-native/host-libs/usr --with-isl=/tmp/jenkins-GCC-10-pipeline-259_20210727_1627345004/build-native/host-libs/usr --with-libelf=/tmp/jenkins-GCC-10-pipeline-259_20210727_1627345004/build-native/host-libs/usr --with-host-libstdcxx='-static-libgcc -Wl,-lstdc++ -lm' --with-pkgversion='GNU Arm Embedded Toolchain 10.3-2021.07' --with-multilib-list=rmprofile,aprofile]
  ignore line: [Thread model: single]
  ignore line: [Supported LTO compression algorithms: zlib]
  ignore line: [gcc version 10.3.1 20210621 (release) (GNU Arm Embedded Toolchain 10.3-2021.07) ]
  ignore line: [COLLECT_GCC_OPTIONS='-mcpu=cortex-m0plus' '-Wall' '-Wextra' '-Wpedantic' '-fdata-sections' '-ffunction-sections' '-fno-rtti' '-fno-exceptions' '-fno-threadsafe-statics' '-v' '-o' 'CMakeFiles/cmTC_62d1c.dir/CMakeCXXCompilerABI.cpp.obj' '-c' '-mfloat-abi=soft' '-mthumb' '-mlibarch=armv6s-m' '-march=armv6s-m']
  ignore line: [ /opt/homebrew/Cellar/arm-none-eabi-gcc/10.3-2021.07/gcc/bin/../lib/gcc/arm-none-eabi/10.3.1/cc1plus -quiet -v -imultilib thumb/v6-m/nofp -iprefix /opt/homebrew/Cellar/arm-none-eabi-gcc/10.3-2021.07/gcc/bin/../lib/gcc/arm-none-eabi/10.3.1/ -isysroot /opt/homebrew/Cellar/arm-none-eabi-gcc/10.3-2021.07/gcc/bin/../arm-none-eabi -D__USES_INITFINI__ /opt/homebrew/Cellar/cmake/3.25.0/share/cmake/Modules/CMakeCXXCompilerABI.cpp -quiet -dumpbase CMakeCXXCompilerABI.cpp -mcpu=cortex-m0plus -mfloat-abi=soft -mthumb -mlibarch=armv6s-m -march=armv6s-m -auxbase-strip CMakeFiles/cmTC_62d1c.dir/CMakeCXXCompilerABI.cpp.obj -Wall -Wextra -Wpedantic -version -fdata-sections -ffunction-sections -fno-rtti -fno-exceptions -fno-threadsafe-statics -o /var/folders/td/w7x293x961v_k4_bd8y4qvkm0000gn/T//ccJmIRZe.s]
  ignore line: [GNU C++14 (GNU Arm Embedded Toolchain 10.3-2021.07) version 10.3.1 20210621 (release) (arm-none-eabi)]
  ignore line: [	compiled by GNU C version 4.2.1 Compatible Apple LLVM 11.0.0 (clang-1100.0.33.17)  GMP version 6.1.0  MPFR version 3.1.4  MPC version 1.0.3  isl version isl-0.18-GMP]
  ignore line: []
  ignore line: [GGC heuristics: --param ggc-min-expand=100 --param ggc-min-heapsize=131072]
  ignore line: [ignoring duplicate directory "/opt/homebrew/Cellar/arm-none-eabi-gcc/10.3-2021.07/gcc/bin/../lib/gcc/../../lib/gcc/arm-none-eabi/10.3.1/../../../../arm-none-eabi/include/c++/10.3.1"]
  ignore line: [ignoring duplicate directory "/opt/homebrew/Cellar/arm-none-eabi-gcc/10.3-2021.07/gcc/bin/../lib/gcc/../../lib/gcc/arm-none-eabi/10.3.1/../../../../arm-none-eabi/include/c++/10.3.1/arm-none-eabi/thumb/v6-m/nofp"]
  ignore line: [ignoring duplicate directory "/opt/homebrew/Cellar/arm-none-eabi-gcc/10.3-2021.07/gcc/bin/../lib/gcc/../../lib/gcc/arm-none-eabi/10.3.1/../../../../arm-none-eabi/include/c++/10.3.1/backward"]
  ignore line: [ignoring duplicate directory "/opt/homebrew/Cellar/arm-none-eabi-gcc/10.3-2021.07/gcc/bin/../lib/gcc/../../lib/gcc/arm-none-eabi/10.3.1/include"]
  ignore line: [ignoring nonexistent directory "/opt/homebrew/Cellar/arm-none-eabi-gcc/10.3-2021.07/gcc/bin/../arm-none-eabi/usr/local/include"]
  ignore line: [ignoring duplicate directory "/opt/homebrew/Cellar/arm-none-eabi-gcc/10.3-2021.07/gcc/bin/../lib/gcc/../../lib/gcc/arm-none-eabi/10.3.1/include-fixed"]
  ignore line: [ignoring duplicate directory "/opt/homebrew/Cellar/arm-none-eabi-gcc/10.3-2021.07/gcc/bin/../lib/gcc/../../lib/gcc/arm-none-eabi/10.3.1/../../../../arm-none-eabi/include"]
  ignore line: [ignoring nonexistent directory "/opt/homebrew/Cellar/arm-none-eabi-gcc/10.3-2021.07/gcc/bin/../arm-none-eabi/usr/include"]
  ignore line: [#include "..." search starts here:]
  ignore line: [#include <...> search starts here:]
  ignore line: [ /opt/homebrew/Cellar/arm-none-eabi-gcc/10.3-2021.07/gcc/bin/../lib/gcc/arm-none-eabi/10.3.1/../../../../arm-none-eabi/include/c++/10.3.1]
  ignore line: [ /opt/homebrew/Cellar/arm-none-eabi-gcc/10.3-2021.07/gcc/bin/../lib/gcc/arm-none-eabi/10.3.1/../../../../arm-none-eabi/include/c++/10.3.1/arm-none-eabi/thumb/v6-m/nofp]
  ignore line: [ /opt/homebrew/Cellar/arm-none-eabi-gcc/10.3-2021.07/gcc/bin/../lib/gcc/arm-none-eabi/10.3.1/../../../../arm-none-eabi/include/c++/10.3.1/backward]
  ignore line: [ /opt/homebrew/Cellar/arm-none-eabi-gcc/10.3-2021.07/gcc/bin/../lib/gcc/arm-none-eabi/10.3.1/include]
  ignore line: [ /opt/homebrew/Cellar/arm-none-eabi-gcc/10.3-2021.07/gcc/bin/../lib/gcc/arm-none-eabi/10.3.1/include-fixed]
  ignore line: [ /opt/homebrew/Cellar/arm-none-eabi-gcc/10.3-2021.07/gcc/bin/../lib/gcc/arm-none-eabi/10.3.1/../../../../arm-none-eabi/include]
  ignore line: [End of search list.]
  ignore line: [GNU C++14 (GNU Arm Embedded Toolchain 10.3-2021.07) version 10.3.1 20210621 (release) (arm-none-eabi)]
  ignore line: [	compiled by GNU C version 4.2.1 Compatible Apple LLVM 11.0.0 (clang-1100.0.33.17)  GMP version 6.1.0  MPFR version 3.1.4  MPC version 1.0.3  isl version isl-0.18-GMP]
  ignore line: []
  ignore line: [GGC heuristics: --param ggc-min-expand=100 --param ggc-min-heapsize=131072]
  ignore line: [Compiler executable checksum: 70db48a4a4272d34069aa074d5721a63]
  ignore line: [COLLECT_GCC_OPTIONS='-mcpu=cortex-m0plus' '-Wall' '-Wextra' '-Wpedantic' '-fdata-sections' '-ffunction-sections' '-fno-rtti' '-fno-exceptions' '-fno-threadsafe-statics' '-v' '-o' 'CMakeFiles/cmTC_62d1c.dir/CMakeCXXCompilerABI.cpp.obj' '-c' '-mfloat-abi=soft' '-mthumb' '-mlibarch=armv6s-m' '-march=armv6s-m']
  ignore line: [ /opt/homebrew/Cellar/arm-none-eabi-gcc/10.3-2021.07/gcc/bin/../lib/gcc/arm-none-eabi/10.3.1/../../../../arm-none-eabi/bin/as -v -march=armv6s-m -mfloat-abi=soft -meabi=5 -o CMakeFiles/cmTC_62d1c.dir/CMakeCXXCompilerABI.cpp.obj /var/folders/td/w7x293x961v_k4_bd8y4qvkm0000gn/T//ccJmIRZe.s]
  ignore line: [GNU assembler version 2.36.1 (arm-none-eabi) using BFD version (GNU Arm Embedded Toolchain 10.3-2021.07) 2.36.1.20210621]
  ignore line: [COMPILER_PATH=/opt/homebrew/Cellar/arm-none-eabi-gcc/10.3-2021.07/gcc/bin/../lib/gcc/arm-none-eabi/10.3.1/:/opt/homebrew/Cellar/arm-none-eabi-gcc/10.3-2021.07/gcc/bin/../lib/gcc/:/opt/homebrew/Cellar/arm-none-eabi-gcc/10.3-2021.07/gcc/bin/../lib/gcc/arm-none-eabi/10.3.1/../../../../arm-none-eabi/bin/]
  ignore line: [LIBRARY_PATH=/opt/homebrew/Cellar/arm-none-eabi-gcc/10.3-2021.07/gcc/bin/../lib/gcc/arm-none-eabi/10.3.1/thumb/v6-m/nofp/:/opt/homebrew/Cellar/arm-none-eabi-gcc/10.3-2021.07/gcc/bin/../lib/gcc/arm-none-eabi/10.3.1/../../../../arm-none-eabi/lib/thumb/v6-m/nofp/:/opt/homebrew/Cellar/arm-none-eabi-gcc/10.3-2021.07/gcc/bin/../arm-none-eabi/lib/thumb/v6-m/nofp/:/opt/homebrew/Cellar/arm-none-eabi-gcc/10.3-2021.07/gcc/bin/../lib/gcc/arm-none-eabi/10.3.1/:/opt/homebrew/Cellar/arm-none-eabi-gcc/10.3-2021.07/gcc/bin/../lib/gcc/:/opt/homebrew/Cellar/arm-none-eabi-gcc/10.3-2021.07/gcc/bin/../lib/gcc/arm-none-eabi/10.3.1/../../../../arm-none-eabi/lib/:/opt/homebrew/Cellar/arm-none-eabi-gcc/10.3-2021.07/gcc/bin/../arm-none-eabi/lib/]
  ignore line: [COLLECT_GCC_OPTIONS='-mcpu=cortex-m0plus' '-Wall' '-Wextra' '-Wpedantic' '-fdata-sections' '-ffunction-sections' '-fno-rtti' '-fno-exceptions' '-fno-threadsafe-statics' '-v' '-o' 'CMakeFiles/cmTC_62d1c.dir/CMakeCXXCompilerABI.cpp.obj' '-c' '-mfloat-abi=soft' '-mthumb' '-mlibarch=armv6s-m' '-march=armv6s-m']
  ignore line: [[2/2] Linking CXX static library libcmTC_62d1c.a]
  ignore line: []
  ignore line: []
  implicit libs: []
  implicit objs: []
  implicit dirs: []
  implicit fwks: []


Checking whether the ASM compiler is GNU using "--version" matched "(GNU assembler)|(GCC)|(Free Software Foundation)":
arm-none-eabi-gcc (GNU Arm Embedded Toolchain 10.3-2021.07) 10.3.1 20210621 (release)
Copyright (C) 2020 Free Software Foundation, Inc.
This is free software; see the source for copying conditions.  There is NO
warranty; not even for MERCHANTABILITY or FITNESS FOR A PARTICULAR PURPOSE.

